INFO: [VRFC 10-163] Analyzing VHDL file "C:/Users/liamb/GitHub/KBSCE-Plotter/KBSCE-Plotter.ip_user_files/bd/RISC_V/ip/RISC_V_microblaze_riscv_0_0/sim/RISC_V_microblaze_riscv_0_0.vhd" into library xil_defaultlib
INFO: [VRFC 10-3107] analyzing entity 'RISC_V_microblaze_riscv_0_0'
INFO: [VRFC 10-163] Analyzing VHDL file "C:/Users/liamb/GitHub/KBSCE-Plotter/KBSCE-Plotter.ip_user_files/bd/RISC_V/ip/RISC_V_dlmb_v10_0/sim/RISC_V_dlmb_v10_0.vhd" into library xil_defaultlib
INFO: [VRFC 10-3107] analyzing entity 'RISC_V_dlmb_v10_0'
INFO: [VRFC 10-163] Analyzing VHDL file "C:/Users/liamb/GitHub/KBSCE-Plotter/KBSCE-Plotter.ip_user_files/bd/RISC_V/ip/RISC_V_ilmb_v10_0/sim/RISC_V_ilmb_v10_0.vhd" into library xil_defaultlib
INFO: [VRFC 10-3107] analyzing entity 'RISC_V_ilmb_v10_0'
INFO: [VRFC 10-163] Analyzing VHDL file "C:/Users/liamb/GitHub/KBSCE-Plotter/KBSCE-Plotter.ip_user_files/bd/RISC_V/ip/RISC_V_dlmb_bram_if_cntlr_0/sim/RISC_V_dlmb_bram_if_cntlr_0.vhd" into library xil_defaultlib
INFO: [VRFC 10-3107] analyzing entity 'RISC_V_dlmb_bram_if_cntlr_0'
INFO: [VRFC 10-163] Analyzing VHDL file "C:/Users/liamb/GitHub/KBSCE-Plotter/KBSCE-Plotter.ip_user_files/bd/RISC_V/ip/RISC_V_ilmb_bram_if_cntlr_0/sim/RISC_V_ilmb_bram_if_cntlr_0.vhd" into library xil_defaultlib
INFO: [VRFC 10-3107] analyzing entity 'RISC_V_ilmb_bram_if_cntlr_0'
INFO: [VRFC 10-163] Analyzing VHDL file "C:/Users/liamb/GitHub/KBSCE-Plotter/KBSCE-Plotter.ip_user_files/bd/RISC_V/ip/RISC_V_mdm_1_0/sim/RISC_V_mdm_1_0.vhd" into library xil_defaultlib
INFO: [VRFC 10-3107] analyzing entity 'RISC_V_mdm_1_0'
INFO: [VRFC 10-163] Analyzing VHDL file "C:/Users/liamb/GitHub/KBSCE-Plotter/KBSCE-Plotter.ip_user_files/bd/RISC_V/ip/RISC_V_rst_clk_wiz_1_100M_0/sim/RISC_V_rst_clk_wiz_1_100M_0.vhd" into library xil_defaultlib
INFO: [VRFC 10-3107] analyzing entity 'RISC_V_rst_clk_wiz_1_100M_0'
INFO: [VRFC 10-163] Analyzing VHDL file "C:/Users/liamb/GitHub/KBSCE-Plotter/KBSCE-Plotter.ip_user_files/bd/RISC_V/ip/RISC_V_axi_gpio_0_0/sim/RISC_V_axi_gpio_0_0.vhd" into library xil_defaultlib
INFO: [VRFC 10-3107] analyzing entity 'RISC_V_axi_gpio_0_0'
INFO: [VRFC 10-163] Analyzing VHDL file "C:/Users/liamb/GitHub/KBSCE-Plotter/KBSCE-Plotter.ip_user_files/bd/RISC_V/ip/RISC_V_axi_gpio_1_0/sim/RISC_V_axi_gpio_1_0.vhd" into library xil_defaultlib
INFO: [VRFC 10-3107] analyzing entity 'RISC_V_axi_gpio_1_0'
INFO: [VRFC 10-163] Analyzing VHDL file "C:/Users/liamb/GitHub/KBSCE-Plotter/KBSCE-Plotter.ip_user_files/bd/RISC_V/ip/RISC_V_axi_uartlite_0_0/sim/RISC_V_axi_uartlite_0_0.vhd" into library xil_defaultlib
INFO: [VRFC 10-3107] analyzing entity 'RISC_V_axi_uartlite_0_0'
INFO: [VRFC 10-163] Analyzing VHDL file "C:/Users/liamb/GitHub/KBSCE-Plotter/KBSCE-Plotter.ip_user_files/bd/RISC_V/ip/RISC_V_axi_smc_0/bd_0/ip/ip_1/sim/bd_33e2_psr_aclk_0.vhd" into library xil_defaultlib
INFO: [VRFC 10-3107] analyzing entity 'bd_33e2_psr_aclk_0'
INFO: [VRFC 10-163] Analyzing VHDL file "C:/Users/liamb/GitHub/KBSCE-Plotter/KBSCE-Plotter.ip_user_files/bd/RISC_V/sim/RISC_V.vhd" into library xil_defaultlib
INFO: [VRFC 10-3107] analyzing entity 'microblaze_riscv_0_local_memory_imp_3UL0U'
INFO: [VRFC 10-3107] analyzing entity 'RISC_V'
INFO: [VRFC 10-163] Analyzing VHDL file "C:/Users/liamb/GitHub/KBSCE-Plotter/KBSCE-Plotter.srcs/sources_1/imports/hdl/RISC_V_wrapper.vhd" into library xil_defaultlib
INFO: [VRFC 10-3107] analyzing entity 'RISC_V_wrapper'
