Copyright 1986-2022 Xilinx, Inc. All Rights Reserved. Copyright 2022-2025 Advanced Micro Devices, Inc. All Rights Reserved.
---------------------------------------------------------------------------------------------------------------------------------------------
| Tool Version : Vivado v.2025.1 (win64) Build 6140274 Thu May 22 00:12:29 MDT 2025
| Date         : Thu Nov 13 12:32:06 2025
| Host         : ThinkpadP1_Liam running 64-bit major release  (build 9200)
| Command      : report_drc -file RISC_V_wrapper_drc_routed.rpt -pb RISC_V_wrapper_drc_routed.pb -rpx RISC_V_wrapper_drc_routed.rpx
| Design       : RISC_V_wrapper
| Device       : xc7a100tcsg324-1
| Speed File   : -1
| Design State : Fully Routed
---------------------------------------------------------------------------------------------------------------------------------------------

Report DRC

Table of Contents
-----------------
1. REPORT SUMMARY
2. REPORT DETAILS

1. REPORT SUMMARY
-----------------
            Netlist: netlist
          Floorplan: design_1
      Design limits: <entire design considered>
           Ruledeck: default
             Max checks: <unlimited>
             Checks found: 2
+-----------+----------+-----------------------------------------------------+--------+
| Rule      | Severity | Description                                         | Checks |
+-----------+----------+-----------------------------------------------------+--------+
| CFGBVS-1  | Warning  | Missing CFGBVS and CONFIG_VOLTAGE Design Properties | 1      |
| RTSTAT-10 | Warning  | No routable loads                                   | 1      |
+-----------+----------+-----------------------------------------------------+--------+

2. REPORT DETAILS
-----------------
CFGBVS-1#1 Warning
Missing CFGBVS and CONFIG_VOLTAGE Design Properties  
Neither the CFGBVS nor CONFIG_VOLTAGE voltage property is set in the current_design.  Configuration bank voltage select (CFGBVS) must be set to VCCO or GND, and CONFIG_VOLTAGE must be set to the correct configuration voltage, in order to determine the I/O voltage support for the pins in bank 0.  It is suggested to specify these either using the 'Edit Device Properties' function in the GUI or directly in the XDC file using the following syntax:

 set_property CFGBVS value1 [current_design]
 #where value1 is either VCCO or GND

 set_property CONFIG_VOLTAGE value2 [current_design]
 #where value2 is the voltage provided to configuration bank 0

Refer to the device configuration user guide for more information.
Related violations: <none>

RTSTAT-10#1 Warning
No routable loads  
20 net(s) have no routable loads. The problem bus(es) and/or net(s) are RISC_V_i/axi_smc/inst/m00_nodes/m00_ar_node/inst/mi_handler_m_sc_areset_pipe,
RISC_V_i/axi_smc/inst/m00_nodes/m00_aw_node/inst/mi_handler_m_sc_areset_pipe,
RISC_V_i/axi_smc/inst/m00_nodes/m00_b_node/inst/mi_handler_m_sc_areset_pipe,
RISC_V_i/axi_smc/inst/m00_nodes/m00_r_node/inst/mi_handler_m_sc_areset_pipe,
RISC_V_i/axi_smc/inst/m00_nodes/m00_w_node/inst/mi_handler_m_sc_areset_pipe,
RISC_V_i/axi_smc/inst/m01_nodes/m01_ar_node/inst/mi_handler_m_sc_areset_pipe,
RISC_V_i/axi_smc/inst/m01_nodes/m01_r_node/inst/mi_handler_m_sc_areset_pipe,
RISC_V_i/axi_smc/inst/m01_nodes/m01_w_node/inst/mi_handler_m_sc_areset_pipe,
RISC_V_i/axi_smc/inst/m02_nodes/m02_aw_node/inst/mi_handler_m_sc_areset_pipe,
RISC_V_i/axi_smc/inst/m02_nodes/m02_b_node/inst/mi_handler_m_sc_areset_pipe,
RISC_V_i/axi_smc/inst/m02_nodes/m02_w_node/inst/mi_handler_m_sc_areset_pipe,
RISC_V_i/axi_smc/inst/s00_nodes/s00_ar_node/inst/mi_handler_m_sc_areset_pipe,
RISC_V_i/axi_smc/inst/s00_nodes/s00_b_node/inst/mi_handler_m_sc_areset_pipe,
RISC_V_i/axi_smc/inst/s00_nodes/s00_r_node/inst/mi_handler_m_sc_areset_pipe,
RISC_V_i/axi_smc/inst/s00_nodes/s00_w_node/inst/mi_handler_m_sc_areset_pipe
 (the first 15 of 20 listed nets/buses).
Related violations: <none>


